<?xml version="1.0" encoding="UTF-8"?>
<testng-results ignored="0" total="1" passed="1" failed="0" skipped="0">
  <reporter-output>
  </reporter-output>
  <suite started-at="2024-02-21T20:02:31 IST" name="Default suite" finished-at="2024-02-21T20:02:36 IST" duration-ms="4934">
    <groups>
    </groups>
    <test started-at="2024-02-21T20:02:31 IST" name="Default test" finished-at="2024-02-21T20:02:36 IST" duration-ms="4934">
      <class name="FrameWork.TaskeScreenShotEx">
        <test-method signature="screenshot()[pri:0, instance:FrameWork.TaskeScreenShotEx@5ddeb7cb]" started-at="2024-02-21T20:02:31 IST" name="screenshot" finished-at="2024-02-21T20:02:36 IST" duration-ms="4883" status="PASS">
          <reporter-output>
          </reporter-output>
        </test-method> <!-- screenshot -->
      </class> <!-- FrameWork.TaskeScreenShotEx -->
    </test> <!-- Default test -->
  </suite> <!-- Default suite -->
</testng-results>
